\BOOKMARK [0][-]{part.1}{\376\377\000I\000\040\000T\000h\000e\000\040\000D\000i\000s\000t\000r\000i\000b\000u\000t\000e\000d\000\040\000C\000h\000a\000l\000l\000e\000n\000g\000e}{}% 1
\BOOKMARK [1][-]{section.1}{\376\377\000W\000h\000y\000\040\000D\000i\000s\000t\000r\000i\000b\000u\000t\000i\000o\000n\000\040\000M\000a\000t\000t\000e\000r\000s}{part.1}% 2
\BOOKMARK [1][-]{section.2}{\376\377\000T\000h\000e\000\040\000C\000o\000m\000p\000o\000n\000e\000n\000t\000s\000\040\000o\000f\000\040\000B\000o\000o\000k\000l\000e\000t\000\040\0004}{part.1}% 3
\BOOKMARK [1][-]{section.3}{\376\377\000A\000r\000c\000h\000i\000t\000e\000c\000t\000u\000r\000e\000\040\000O\000v\000e\000r\000v\000i\000e\000w}{part.1}% 4
\BOOKMARK [0][-]{part.2}{\376\377\000I\000I\000\040\000D\000e\000c\000e\000n\000t\000r\000a\000l\000i\000z\000e\000d\000\040\000C\000o\000g\000n\000i\000t\000i\000v\000e\000\040\000T\000r\000a\000c\000e\000\040\000M\000e\000m\000o\000r\000y\000\040\000\050\000d\000-\000C\000T\000M\000\051}{}% 5
\BOOKMARK [1][-]{section.4}{\376\377\000F\000r\000o\000m\000\040\000C\000e\000n\000t\000r\000a\000l\000i\000z\000e\000d\000\040\000t\000o\000\040\000D\000i\000s\000t\000r\000i\000b\000u\000t\000e\000d}{part.2}% 6
\BOOKMARK [1][-]{section.5}{\376\377\000L\000o\000c\000a\000l\000\040\000C\000T\000M\000\040\000N\000o\000d\000e}{part.2}% 7
\BOOKMARK [1][-]{section.6}{\376\377\000B\000F\000T\000\040\000C\000o\000n\000s\000e\000n\000s\000u\000s\000\040\000P\000r\000o\000t\000o\000c\000o\000l}{part.2}% 8
\BOOKMARK [1][-]{section.7}{\376\377\000P\000a\000r\000t\000i\000t\000i\000o\000n\000\040\000H\000a\000n\000d\000l\000i\000n\000g}{part.2}% 9
\BOOKMARK [0][-]{part.3}{\376\377\000I\000I\000I\000\040\000I\000n\000t\000e\000r\000-\000A\000g\000e\000n\000t\000\040\000B\000r\000i\000d\000g\000e\000\040\000I\000n\000t\000e\000g\000r\000i\000t\000y\000\040\000M\000a\000t\000r\000i\000x\000\040\000\050\000I\000A\000-\000B\000I\000M\000\051}{}% 10
\BOOKMARK [1][-]{section.8}{\376\377\000F\000r\000o\000m\000\040\000C\000a\000p\000s\000u\000l\000e\000s\000\040\000t\000o\000\040\000A\000g\000e\000n\000t\000s}{part.3}% 11
\BOOKMARK [1][-]{section.9}{\376\377\000S\000w\000a\000r\000m\000\040\000C\000o\000h\000e\000r\000e\000n\000c\000e\000\040\000M\000a\000t\000r\000i\000x}{part.3}% 12
\BOOKMARK [1][-]{section.10}{\376\377\000C\000o\000n\000s\000e\000n\000s\000u\000s\000\040\000L\000o\000s\000s\000\040\000D\000e\000t\000e\000c\000t\000i\000o\000n}{part.3}% 13
\BOOKMARK [0][-]{part.4}{\376\377\000I\000V\000\040\000C\000o\000g\000n\000i\000t\000i\000v\000e\000\040\000G\000e\000n\000e\000a\000l\000o\000g\000y\000\040\000a\000n\000d\000\040\000t\000h\000e\000\040\000O\000r\000p\000h\000a\000n\000\040\000P\000r\000o\000t\000o\000c\000o\000l}{}% 14
\BOOKMARK [1][-]{section.11}{\376\377\000A\000g\000e\000n\000t\000\040\000S\000p\000a\000w\000n\000i\000n\000g\000\040\000a\000n\000d\000\040\000L\000i\000n\000e\000a\000g\000e}{part.4}% 15
\BOOKMARK [1][-]{section.12}{\376\377\000O\000r\000p\000h\000a\000n\000\040\000C\000l\000a\000s\000s\000i\000f\000i\000c\000a\000t\000i\000o\000n}{part.4}% 16
\BOOKMARK [1][-]{section.13}{\376\377\000T\000h\000e\000\040\000O\000r\000p\000h\000a\000n\000\040\000P\000r\000o\000t\000o\000c\000o\000l}{part.4}% 17
\BOOKMARK [1][-]{section.14}{\376\377\000A\000d\000o\000p\000t\000i\000o\000n\000\040\000P\000r\000o\000t\000o\000c\000o\000l}{part.4}% 18
\BOOKMARK [0][-]{part.5}{\376\377\000V\000\040\000H\000i\000e\000r\000a\000r\000c\000h\000i\000c\000a\000l\000\040\000Z\000e\000r\000o\000-\000K\000n\000o\000w\000l\000e\000d\000g\000e\000\040\000S\000y\000m\000b\000o\000l\000i\000c\000\040\000P\000r\000o\000o\000f\000s}{}% 19
\BOOKMARK [1][-]{section.15}{\376\377\000T\000h\000e\000\040\000A\000u\000d\000i\000t\000\040\000P\000r\000o\000b\000l\000e\000m}{part.5}% 20
\BOOKMARK [1][-]{section.16}{\376\377\000P\000r\000o\000o\000f\000\040\000H\000i\000e\000r\000a\000r\000c\000h\000y}{part.5}% 21
\BOOKMARK [1][-]{section.17}{\376\377\000V\000e\000r\000i\000f\000i\000c\000a\000t\000i\000o\000n\000\040\000C\000o\000m\000p\000l\000e\000x\000i\000t\000y}{part.5}% 22
\BOOKMARK [1][-]{section.18}{\376\377\000I\000m\000p\000l\000e\000m\000e\000n\000t\000a\000t\000i\000o\000n\000\040\000S\000t\000a\000t\000u\000s}{part.5}% 23
\BOOKMARK [0][-]{part.6}{\376\377\000V\000I\000\040\000R\000e\000g\000e\000n\000e\000r\000a\000t\000i\000v\000e\000\040\000A\000r\000c\000h\000i\000t\000e\000c\000t\000u\000r\000e}{}% 24
\BOOKMARK [1][-]{section.19}{\376\377\000T\000h\000e\000\040\000G\000r\000o\000w\000t\000h\000-\000D\000e\000c\000a\000y\000\040\000L\000o\000o\000p}{part.6}% 25
\BOOKMARK [1][-]{section.20}{\376\377\000C\000o\000n\000t\000e\000x\000t\000-\000D\000e\000c\000a\000y\000\040\000P\000r\000u\000n\000i\000n\000g\000\040\000\050\000C\000D\000P\000\051}{part.6}% 26
\BOOKMARK [1][-]{section.21}{\376\377\000R\000e\000g\000e\000n\000e\000r\000a\000t\000i\000v\000e\000\040\000D\000e\000l\000t\000a\000\040\000\050\000R\000e\000g\000e\000n\000\051}{part.6}% 27
\BOOKMARK [1][-]{section.22}{\376\377\000C\000o\000g\000n\000i\000t\000i\000v\000e\000\040\000E\000n\000t\000r\000o\000p\000y\000\040\000B\000u\000d\000g\000e\000t\000\040\000\050\000B\000e\000n\000t\000r\000o\000p\000y\000\051}{part.6}% 28
\BOOKMARK [1][-]{section.23}{\376\377\000A\000u\000t\000o\000n\000o\000m\000o\000u\000s\000\040\000G\000r\000o\000w\000t\000h\000\040\000M\000o\000d\000u\000l\000e\000\040\000\050\000A\000G\000M\000\051}{part.6}% 29
\BOOKMARK [1][-]{section.24}{\376\377\000A\000n\000o\000m\000a\000l\000y\000\040\000E\000x\000p\000l\000o\000r\000a\000t\000i\000o\000n\000\040\000S\000w\000a\000r\000m\000s\000\040\000\050\000A\000E\000S\000\051}{part.6}% 30
\BOOKMARK [1][-]{section.25}{\376\377\000R\000e\000g\000e\000n\000e\000r\000a\000t\000i\000v\000e\000\040\000E\000f\000f\000i\000c\000i\000e\000n\000c\000y\000\040\000T\000e\000s\000t\000\040\000\050\000R\000E\000T\000\051}{part.6}% 31
\BOOKMARK [1][-]{section.26}{\376\377\000L\000o\000c\000a\000l\000\040\000A\000u\000t\000o\000n\000o\000m\000y\000,\000\040\000G\000l\000o\000b\000a\000l\000\040\000A\000w\000a\000r\000e\000n\000e\000s\000s}{part.6}% 32
\BOOKMARK [1][-]{section.27}{\376\377\000E\000s\000c\000a\000l\000a\000t\000i\000o\000n\000\040\000P\000r\000o\000t\000o\000c\000o\000l}{part.6}% 33
\BOOKMARK [0][-]{part.7}{\376\377\000V\000I\000I\000\040\000R\000e\000f\000l\000e\000x\000i\000v\000e\000\040\000S\000y\000m\000b\000o\000l\000i\000c\000\040\000C\000o\000g\000n\000i\000t\000i\000o\000n\000\040\000S\000y\000s\000t\000e\000m\000s}{}% 34
\BOOKMARK [1][-]{section.28}{\376\377\000T\000h\000e\000\040\000C\000l\000o\000s\000e\000d\000\040\000L\000o\000o\000p}{part.7}% 35
\BOOKMARK [1][-]{section.29}{\376\377\000L\000e\000v\000e\000l\000s\000\040\000o\000f\000\040\000A\000u\000t\000o\000n\000o\000m\000y}{part.7}% 36
\BOOKMARK [1][-]{section.30}{\376\377\000D\000o\000e\000s\000\040\000T\000h\000i\000s\000\040\000M\000e\000e\000t\000\040\000t\000h\000e\000\040\000D\000e\000f\000i\000n\000i\000t\000i\000o\000n\000\040\000o\000f\000\040\000C\000o\000g\000n\000i\000t\000i\000o\000n\000?}{part.7}% 37
\BOOKMARK [0][-]{part.8}{\376\377\000V\000I\000I\000I\000\040\000E\000m\000p\000i\000r\000i\000c\000a\000l\000\040\000V\000a\000l\000i\000d\000a\000t\000i\000o\000n}{}% 38
\BOOKMARK [1][-]{section.31}{\376\377\000V\000a\000l\000i\000d\000a\000t\000i\000o\000n\000\040\000S\000c\000o\000p\000e\000\040\000a\000n\000d\000\040\000L\000i\000m\000i\000t\000a\000t\000i\000o\000n\000s}{part.8}% 39
\BOOKMARK [1][-]{section.32}{\376\377\000S\000c\000a\000l\000a\000b\000i\000l\000i\000t\000y\000\040\000R\000e\000s\000u\000l\000t\000s}{part.8}% 40
\BOOKMARK [1][-]{section.33}{\376\377\000C\000o\000n\000s\000e\000n\000s\000u\000s\000\040\000D\000e\000t\000e\000c\000t\000i\000o\000n}{part.8}% 41
\BOOKMARK [1][-]{section.34}{\376\377\000P\000a\000r\000t\000i\000t\000i\000o\000n\000\040\000T\000o\000l\000e\000r\000a\000n\000c\000e}{part.8}% 42
\BOOKMARK [1][-]{section.35}{\376\377\000C\000o\000m\000p\000o\000n\000e\000n\000t\000\040\000V\000a\000l\000i\000d\000a\000t\000i\000o\000n\000\040\000S\000u\000m\000m\000a\000r\000y}{part.8}% 43
\BOOKMARK [0][-]{part.9}{\376\377\000I\000X\000\040\000C\000o\000n\000c\000l\000u\000s\000i\000o\000n\000\040\000a\000n\000d\000\040\000F\000u\000t\000u\000r\000e\000\040\000W\000o\000r\000k}{}% 44
\BOOKMARK [1][-]{section.36}{\376\377\000W\000h\000a\000t\000\040\000W\000e\000'\000v\000e\000\040\000B\000u\000i\000l\000t}{part.9}% 45
\BOOKMARK [1][-]{section.37}{\376\377\000T\000h\000e\000\040\000R\000e\000g\000u\000l\000a\000t\000o\000r\000y\000\040\000A\000n\000g\000l\000e}{part.9}% 46
\BOOKMARK [1][-]{section.38}{\376\377\000O\000p\000e\000n\000\040\000Q\000u\000e\000s\000t\000i\000o\000n\000s}{part.9}% 47
\BOOKMARK [1][-]{section.39}{\376\377\000F\000u\000t\000u\000r\000e\000\040\000W\000o\000r\000k\000:\000\040\000B\000o\000o\000k\000l\000e\000t\000\040\0005\000?}{part.9}% 48
\BOOKMARK [1][-]{section.40}{\376\377\000T\000h\000e\000\040\000F\000i\000n\000a\000l\000\040\000W\000o\000r\000d}{part.9}% 49
\BOOKMARK [0][-]{part.10}{\376\377\000X\000\040\000A\000d\000v\000a\000n\000c\000e\000d\000\040\000A\000r\000c\000h\000i\000t\000e\000c\000t\000u\000r\000e\000s}{}% 50
\BOOKMARK [1][-]{section.41}{\376\377\000D\000o\000m\000a\000i\000n\000-\000S\000p\000e\000c\000i\000f\000i\000c\000\040\000L\000a\000n\000g\000u\000a\000g\000e\000\040\000\050\000D\000S\000L\000\051}{part.10}% 51
\BOOKMARK [2][-]{subsection.41.1}{\376\377\000C\000o\000m\000m\000a\000n\000d\000\040\000S\000y\000n\000t\000a\000x}{section.41}% 52
\BOOKMARK [2][-]{subsection.41.2}{\376\377\000S\000u\000p\000p\000o\000r\000t\000e\000d\000\040\000A\000c\000t\000i\000o\000n\000s}{section.41}% 53
\BOOKMARK [1][-]{section.42}{\376\377\000T\000o\000p\000o\000l\000o\000g\000i\000c\000a\000l\000\040\000C\000o\000h\000e\000r\000e\000n\000c\000e\000\040\000\050\000t\000o\000p\000o\000\051}{part.10}% 54
\BOOKMARK [2][-]{subsection.42.1}{\376\377\000B\000e\000t\000t\000i\000\040\000N\000u\000m\000b\000e\000r\000s}{section.42}% 55
\BOOKMARK [1][-]{section.43}{\376\377\000G\000e\000n\000e\000s\000i\000s\000\040\000P\000r\000o\000t\000o\000c\000o\000l\000\040\000\050\000E\000v\000o\000l\000u\000t\000i\000o\000n\000a\000r\000y\000\040\000S\000p\000e\000c\000i\000a\000t\000i\000o\000n\000\051}{part.10}% 56
\BOOKMARK [2][-]{subsection.43.1}{\376\377\000M\000e\000c\000h\000a\000n\000i\000s\000m}{section.43}% 57
\BOOKMARK [1][-]{section.44}{\376\377\000S\000u\000s\000t\000a\000i\000n\000a\000b\000i\000l\000i\000t\000y\000\040\000A\000n\000a\000l\000y\000s\000i\000s}{part.10}% 58
\BOOKMARK [2][-]{subsection.44.1}{\376\377\000S\000u\000s\000t\000a\000i\000n\000a\000b\000i\000l\000i\000t\000y\000\040\000R\000a\000t\000i\000o}{section.44}% 59
\BOOKMARK [1][-]{section.45}{\376\377\000F\000o\000r\000e\000s\000t\000\040\000A\000r\000c\000h\000i\000t\000e\000c\000t\000u\000r\000e\000:\000\040\000A\000u\000t\000o\000n\000o\000m\000o\000u\000s\000\040\000P\000u\000r\000p\000o\000s\000e\000\040\000C\000r\000e\000a\000t\000i\000o\000n}{part.10}% 60
\BOOKMARK [2][-]{subsection.45.1}{\376\377\000C\000o\000r\000e\000\040\000P\000r\000i\000n\000c\000i\000p\000l\000e\000:\000\040\000D\000e\000c\000a\000y\000\040\000\040\000G\000r\000o\000w\000t\000h}{section.45}% 61
\BOOKMARK [2][-]{subsection.45.2}{\376\377\000A\000n\000o\000m\000a\000l\000y\000\040\000D\000e\000t\000e\000c\000t\000i\000o\000n\000\040\000M\000a\000t\000r\000i\000x\000\040\000\050\000A\000D\000M\000\051}{section.45}% 62
\BOOKMARK [2][-]{subsection.45.3}{\376\377\000E\000x\000p\000l\000o\000r\000a\000t\000i\000o\000n\000\040\000B\000r\000a\000n\000c\000h\000e\000s}{section.45}% 63
\BOOKMARK [2][-]{subsection.45.4}{\376\377\000P\000u\000r\000p\000o\000s\000e\000\040\000S\000y\000n\000t\000h\000e\000s\000i\000s}{section.45}% 64
\BOOKMARK [2][-]{subsection.45.5}{\376\377\000T\000r\000u\000n\000k\000\040\000S\000e\000e\000d\000i\000n\000g\000:\000\040\000E\000m\000e\000r\000g\000e\000n\000t\000\040\000S\000e\000l\000f\000-\000O\000r\000i\000g\000i\000n\000a\000t\000i\000o\000n}{section.45}% 65
\BOOKMARK [2][-]{subsection.45.6}{\376\377\000D\000e\000m\000o\000n\000s\000t\000r\000a\000t\000e\000d\000\040\000R\000e\000s\000u\000l\000t\000s}{section.45}% 66
\BOOKMARK [2][-]{subsection.45.7}{\376\377\000P\000u\000r\000p\000o\000s\000e\000\040\000C\000r\000e\000a\000t\000i\000o\000n\000:\000\040\000S\000t\000r\000o\000n\000g\000\040\000E\000v\000i\000d\000e\000n\000c\000e}{section.45}% 67
\BOOKMARK [2][-]{subsection.45.8}{\376\377\000E\000x\000t\000e\000n\000d\000e\000d\000\040\000B\000e\000n\000c\000h\000m\000a\000r\000k\000\040\000\050\0001\0005\0000\000\040\000T\000i\000c\000k\000s\000\051}{section.45}% 68
\BOOKMARK [2][-]{subsection.45.9}{\376\377\000S\000w\000a\000r\000m\000\040\000E\000c\000o\000s\000y\000s\000t\000e\000m\000:\000\040\000C\000r\000o\000s\000s\000-\000T\000r\000u\000n\000k\000\040\000A\000n\000a\000l\000y\000s\000i\000s}{section.45}% 69
\BOOKMARK [3][-]{subsubsection.45.9.1}{\376\377\000A\000r\000c\000h\000i\000t\000e\000c\000t\000u\000r\000e\000\040\000C\000o\000m\000p\000o\000n\000e\000n\000t\000s}{subsection.45.9}% 70
\BOOKMARK [3][-]{subsubsection.45.9.2}{\376\377\000D\000e\000n\000s\000i\000t\000y\000\040\000R\000e\000g\000i\000m\000e\000\040\000C\000l\000a\000s\000s\000i\000f\000i\000c\000a\000t\000i\000o\000n}{subsection.45.9}% 71
\BOOKMARK [3][-]{subsubsection.45.9.3}{\376\377\000B\000e\000n\000c\000h\000m\000a\000r\000k\000\040\000R\000e\000s\000u\000l\000t\000s\000\040\000\050\0003\000\040\000S\000w\000a\000r\000m\000s\000,\000\040\0001\0000\0000\000\040\000T\000i\000c\000k\000s\000\051}{subsection.45.9}% 72
\BOOKMARK [3][-]{subsubsection.45.9.4}{\376\377\000C\000o\000n\000v\000e\000r\000g\000e\000n\000t\000\040\000D\000i\000s\000c\000o\000v\000e\000r\000y\000\040\000A\000n\000a\000l\000y\000s\000i\000s}{subsection.45.9}% 73
\BOOKMARK [3][-]{subsubsection.45.9.5}{\376\377\000S\000c\000a\000l\000a\000b\000i\000l\000i\000t\000y\000\040\000C\000o\000n\000s\000i\000d\000e\000r\000a\000t\000i\000o\000n\000s}{subsection.45.9}% 74
\BOOKMARK [2][-]{subsection.45.10}{\376\377\000P\000r\000o\000d\000u\000c\000t\000i\000o\000n\000\040\000C\000o\000r\000e\000:\000\040\000C\000l\000o\000s\000i\000n\000g\000\040\000t\000h\000e\000\040\000G\000a\000p\000s}{section.45}% 75
\BOOKMARK [3][-]{subsubsection.45.10.1}{\376\377\000S\000e\000m\000a\000n\000t\000i\000c\000\040\000E\000m\000b\000e\000d\000d\000i\000n\000g\000\040\000E\000n\000g\000i\000n\000e}{subsection.45.10}% 76
\BOOKMARK [3][-]{subsubsection.45.10.2}{\376\377\000D\000e\000e\000p\000\040\000P\000a\000t\000t\000e\000r\000n\000\040\000C\000o\000r\000r\000e\000l\000a\000t\000o\000r}{subsection.45.10}% 77
\BOOKMARK [3][-]{subsubsection.45.10.3}{\376\377\000B\000y\000z\000a\000n\000t\000i\000n\000e\000-\000T\000o\000l\000e\000r\000a\000n\000t\000\040\000C\000o\000n\000s\000e\000n\000s\000u\000s}{subsection.45.10}% 78
\BOOKMARK [3][-]{subsubsection.45.10.4}{\376\377\000V\000a\000l\000i\000d\000a\000t\000i\000o\000n\000\040\000F\000r\000a\000m\000e\000w\000o\000r\000k}{subsection.45.10}% 79
\BOOKMARK [3][-]{subsubsection.45.10.5}{\376\377\000U\000n\000i\000f\000i\000e\000d\000\040\000A\000P\000I}{subsection.45.10}% 80
\BOOKMARK [3][-]{subsubsection.45.10.6}{\376\377\000P\000r\000o\000d\000u\000c\000t\000i\000o\000n\000\040\000C\000o\000r\000e\000\040\000R\000e\000s\000u\000l\000t\000s}{subsection.45.10}% 81
\BOOKMARK [0][-]{table.22}{\376\377\000A\000p\000p\000e\000n\000d\000i\000c\000e\000s}{}% 82
\BOOKMARK [0][-]{table.22}{\376\377\000A\000p\000p\000e\000n\000d\000i\000c\000e\000s}{}% 83
\BOOKMARK [1][-]{appendix.A}{\376\377\000E\000F\000M\000\040\000v\000s\000.\000\040\000S\000t\000a\000n\000d\000a\000r\000d\000\040\000R\000e\000s\000i\000l\000i\000e\000n\000t\000\040\000S\000y\000s\000t\000e\000m\000s}{table.22}% 84
\BOOKMARK [1][-]{appendix.B}{\376\377\000P\000r\000o\000t\000o\000c\000o\000l\000\040\000E\000x\000t\000e\000n\000s\000i\000o\000n\000s\000\040\000S\000u\000m\000m\000a\000r\000y}{table.22}% 85
\BOOKMARK [1][-]{appendix.C}{\376\377\000A\000u\000t\000o\000n\000o\000m\000y\000\040\000L\000e\000v\000e\000l\000\040\000A\000s\000s\000e\000s\000s\000m\000e\000n\000t}{table.22}% 86
\BOOKMARK [1][-]{appendix.D}{\376\377\000L\000o\000n\000g\000e\000v\000i\000t\000y\000\040\000C\000l\000a\000i\000m\000\040\000A\000s\000s\000e\000s\000s\000m\000e\000n\000t}{table.22}% 87
\BOOKMARK [1][-]{appendix.E}{\376\377\000G\000l\000o\000s\000s\000a\000r\000y}{table.22}% 88
\BOOKMARK [1][-]{appendix.F}{\376\377\000D\000o\000c\000u\000m\000e\000n\000t\000\040\000H\000i\000s\000t\000o\000r\000y}{table.22}% 89
\BOOKMARK [1][-]{appendix.G}{\376\377\000O\000p\000e\000r\000a\000t\000i\000o\000n\000a\000l\000\040\000L\000a\000y\000e\000r\000:\000\040\000F\000r\000o\000m\000\040\000T\000h\000e\000o\000r\000y\000\040\000t\000o\000\040\000D\000e\000p\000l\000o\000y\000m\000e\000n\000t}{table.22}% 90
\BOOKMARK [2][-]{subsection.G.1}{\376\377\000E\000F\000M\000C\000o\000r\000e\000\040\000O\000r\000c\000h\000e\000s\000t\000r\000a\000t\000o\000r}{appendix.G}% 91
\BOOKMARK [2][-]{subsection.G.2}{\376\377\000Z\000K\000-\000S\000P\000\040\000I\000m\000p\000l\000e\000m\000e\000n\000t\000a\000t\000i\000o\000n\000\040\000S\000t\000u\000b\000s}{appendix.G}% 92
\BOOKMARK [2][-]{subsection.G.3}{\376\377\000D\000e\000p\000l\000o\000y\000m\000e\000n\000t\000\040\000C\000o\000n\000f\000i\000g\000u\000r\000a\000t\000i\000o\000n}{appendix.G}% 93
\BOOKMARK [1][-]{appendix.H}{\376\377\000I\000n\000t\000e\000g\000r\000a\000t\000i\000o\000n\000\040\000L\000a\000y\000e\000r\000:\000\040\000C\000l\000o\000s\000i\000n\000g\000\040\000t\000h\000e\000\040\000G\000a\000p\000s}{table.22}% 94
\BOOKMARK [2][-]{subsection.H.1}{\376\377\000E\000F\000M\000C\000o\000r\000e\000\040\000T\000i\000c\000k\000\040\000L\000o\000o\000p}{appendix.H}% 95
\BOOKMARK [2][-]{subsection.H.2}{\376\377\000d\000-\000C\000T\000M\000\040\000M\000e\000s\000s\000a\000g\000e\000\040\000S\000p\000e\000c\000i\000f\000i\000c\000a\000t\000i\000o\000n}{appendix.H}% 96
\BOOKMARK [2][-]{subsection.H.3}{\376\377\000T\000h\000r\000e\000a\000t\000\040\000M\000o\000d\000e\000l\000\040\000M\000a\000t\000r\000i\000x}{appendix.H}% 97
\BOOKMARK [2][-]{subsection.H.4}{\376\377\000S\000w\000a\000r\000m\000\040\000C\000o\000m\000m\000a\000n\000d\000\040\000I\000n\000t\000e\000r\000f\000a\000c\000e\000\040\000\050\000U\000I\000\040\000S\000p\000e\000c\000i\000f\000i\000c\000a\000t\000i\000o\000n\000\051}{appendix.H}% 98
\BOOKMARK [2][-]{subsection.H.5}{\376\377\000H\000a\000r\000d\000w\000a\000r\000e\000\040\000R\000e\000q\000u\000i\000r\000e\000m\000e\000n\000t\000s}{appendix.H}% 99
\BOOKMARK [2][-]{subsection.H.6}{\376\377\000S\000y\000m\000b\000o\000l\000i\000c\000\040\000C\000o\000g\000n\000i\000t\000i\000v\000e\000\040\000D\000e\000n\000s\000i\000t\000y\000\040\000\050\000S\000C\000D\000\051}{appendix.H}% 100
\BOOKMARK [2][-]{subsection.H.7}{\376\377\000C\000r\000o\000s\000s\000-\000L\000i\000n\000e\000a\000g\000e\000\040\000D\000r\000i\000f\000t\000\040\000C\000o\000n\000t\000a\000g\000i\000o\000n\000\040\000M\000o\000d\000e\000l\000i\000n\000g}{appendix.H}% 101
\BOOKMARK [2][-]{subsection.H.8}{\376\377\000E\000n\000h\000a\000n\000c\000e\000d\000\040\000D\000S\000L\000\040\000I\000n\000t\000e\000r\000p\000r\000e\000t\000e\000r}{appendix.H}% 102
\BOOKMARK [2][-]{subsection.H.9}{\376\377\000F\000a\000i\000l\000o\000v\000e\000r\000\040\000C\000o\000o\000r\000d\000i\000n\000a\000t\000i\000o\000n\000\040\000A\000c\000r\000o\000s\000s\000\040\000E\000F\000M\000s}{appendix.H}% 103
\BOOKMARK [2][-]{subsection.H.10}{\376\377\000D\000e\000p\000l\000o\000y\000m\000e\000n\000t\000\040\000P\000r\000o\000f\000i\000l\000e\000s}{appendix.H}% 104
\BOOKMARK [1][-]{appendix.I}{\376\377\000R\000e\000f\000e\000r\000e\000n\000c\000e\000s}{table.22}% 105
